c:\users\logan\development projects\project-lifesim-main\lifesim\x64\debug\vc143.pdb
c:\users\logan\development projects\project-lifesim-main\lifesim\x64\debug\vc143.idb
c:\users\logan\development projects\project-lifesim-main\lifesim\x64\debug\player.obj
c:\users\logan\development projects\project-lifesim-main\lifesim\x64\debug\main.obj
c:\users\logan\development projects\project-lifesim-main\lifesim\x64\debug\item.obj
c:\users\logan\development projects\project-lifesim-main\lifesim\x64\debug\inventory.obj
c:\users\logan\development projects\project-lifesim-main\lifesim\x64\debug\game.obj
c:\users\logan\development projects\project-lifesim-main\lifesim\x64\debug\town.obj
c:\users\logan\development projects\project-lifesim-main\lifesim\x64\debug\location.obj
c:\users\logan\development projects\project-lifesim-main\lifesim\x64\debug\lifesim.pdb
c:\users\logan\development projects\project-lifesim-main\lifesim\x64\debug\lifesim.tlog\cl.command.1.tlog
c:\users\logan\development projects\project-lifesim-main\lifesim\x64\debug\lifesim.tlog\cl.read.1.tlog
c:\users\logan\development projects\project-lifesim-main\lifesim\x64\debug\lifesim.tlog\cl.write.1.tlog
c:\users\logan\development projects\project-lifesim-main\lifesim\x64\debug\lifesim.tlog\link.2116-cvtres.read.1.tlog
c:\users\logan\development projects\project-lifesim-main\lifesim\x64\debug\lifesim.tlog\link.2116-cvtres.write.1.tlog
c:\users\logan\development projects\project-lifesim-main\lifesim\x64\debug\lifesim.tlog\link.2116-rc.read.1.tlog
c:\users\logan\development projects\project-lifesim-main\lifesim\x64\debug\lifesim.tlog\link.2116-rc.write.1.tlog
c:\users\logan\development projects\project-lifesim-main\lifesim\x64\debug\lifesim.tlog\link.2116.read.1.tlog
c:\users\logan\development projects\project-lifesim-main\lifesim\x64\debug\lifesim.tlog\link.2116.read.2.tlog
c:\users\logan\development projects\project-lifesim-main\lifesim\x64\debug\lifesim.tlog\link.2116.write.1.tlog
c:\users\logan\development projects\project-lifesim-main\lifesim\x64\debug\lifesim.tlog\link.command.1.tlog
c:\users\logan\development projects\project-lifesim-main\lifesim\x64\debug\lifesim.tlog\link.read.1.tlog
c:\users\logan\development projects\project-lifesim-main\lifesim\x64\debug\lifesim.tlog\link.write.1.tlog
